<?xml version="1.0" encoding="UTF-8"?>
<!-- Generated by org.testng.reporters.JUnitReportReporter -->
<testsuite hostname="NX00483" failures="0" tests="1" name="Testcases_Package.TestCase_InventoryPage" time="14.618" errors="0" timestamp="2022-11-02T18:18:41 PKT" skipped="0">
  <testcase classname="Testcases_Package.TestCase_InventoryPage" name="Testcasetocheck_IteminCart" time="14.618"/>
  <system-out/>
</testsuite> <!-- Testcases_Package.TestCase_InventoryPage -->
